0 info it worked if it ends with ok
1 verbose cli [ '/usr/local/bin/node', '/usr/local/bin/npm', 'run', 'db' ]
2 info using npm@3.10.10
3 info using node@v6.11.3
4 verbose run-script [ 'predb', 'db', 'postdb' ]
5 info lifecycle patient-query@1.0.0~predb: patient-query@1.0.0
6 silly lifecycle patient-query@1.0.0~predb: no script for predb, continuing
7 info lifecycle patient-query@1.0.0~db: patient-query@1.0.0
8 verbose lifecycle patient-query@1.0.0~db: unsafe-perm in lifecycle true
9 verbose lifecycle patient-query@1.0.0~db: PATH: /usr/local/lib/node_modules/npm/bin/node-gyp-bin:/Users/brenteickhoff/code/patient-query/node_modules/.bin:/usr/local/bin:/usr/bin:/bin:/usr/sbin:/sbin
10 verbose lifecycle patient-query@1.0.0~db: CWD: /Users/brenteickhoff/code/patient-query
11 silly lifecycle patient-query@1.0.0~db: Args: [ '-c', 'mysql <db/schema.sql' ]
12 silly lifecycle patient-query@1.0.0~db: Returned: code: 1  signal: null
13 info lifecycle patient-query@1.0.0~db: Failed to exec db script
14 verbose stack Error: patient-query@1.0.0 db: `mysql <db/schema.sql`
14 verbose stack Exit status 1
14 verbose stack     at EventEmitter.<anonymous> (/usr/local/lib/node_modules/npm/lib/utils/lifecycle.js:255:16)
14 verbose stack     at emitTwo (events.js:106:13)
14 verbose stack     at EventEmitter.emit (events.js:191:7)
14 verbose stack     at ChildProcess.<anonymous> (/usr/local/lib/node_modules/npm/lib/utils/spawn.js:40:14)
14 verbose stack     at emitTwo (events.js:106:13)
14 verbose stack     at ChildProcess.emit (events.js:191:7)
14 verbose stack     at maybeClose (internal/child_process.js:920:16)
14 verbose stack     at Process.ChildProcess._handle.onexit (internal/child_process.js:230:5)
15 verbose pkgid patient-query@1.0.0
16 verbose cwd /Users/brenteickhoff/code/patient-query
17 error Darwin 16.7.0
18 error argv "/usr/local/bin/node" "/usr/local/bin/npm" "run" "db"
19 error node v6.11.3
20 error npm  v3.10.10
21 error code ELIFECYCLE
22 error patient-query@1.0.0 db: `mysql <db/schema.sql`
22 error Exit status 1
23 error Failed at the patient-query@1.0.0 db script 'mysql <db/schema.sql'.
23 error Make sure you have the latest version of node.js and npm installed.
23 error If you do, this is most likely a problem with the patient-query package,
23 error not with npm itself.
23 error Tell the author that this fails on your system:
23 error     mysql <db/schema.sql
23 error You can get information on how to open an issue for this project with:
23 error     npm bugs patient-query
23 error Or if that isn't available, you can get their info via:
23 error     npm owner ls patient-query
23 error There is likely additional logging output above.
24 verbose exit [ 1, true ]
